0 verbose cli /home/sofiz/.nvm/versions/node/v19.9.0/bin/node /home/sofiz/.nvm/versions/node/v19.9.0/bin/npm
1 info using npm@9.6.3
2 info using node@v19.9.0
3 timing npm:load:whichnode Completed in 2ms
4 timing config:load:defaults Completed in 1ms
5 timing config:load:file:/home/sofiz/.nvm/versions/node/v19.9.0/lib/node_modules/npm/npmrc Completed in 1ms
6 timing config:load:builtin Completed in 1ms
7 timing config:load:cli Completed in 2ms
8 timing config:load:env Completed in 0ms
9 timing config:load:project Completed in 2ms
10 timing config:load:file:/home/sofiz/.npmrc Completed in 1ms
11 timing config:load:user Completed in 1ms
12 timing config:load:file:/home/sofiz/.nvm/versions/node/v19.9.0/etc/npmrc Completed in 0ms
13 timing config:load:global Completed in 0ms
14 timing config:load:setEnvs Completed in 1ms
15 timing config:load Completed in 8ms
16 timing npm:load:configload Completed in 8ms
17 timing npm:load:mkdirpcache Completed in 1ms
18 timing npm:load:mkdirplogs Completed in 0ms
19 verbose title npm install yarn
20 verbose argv "install" "--global" "yarn"
21 timing npm:load:setTitle Completed in 1ms
22 timing config:load:flatten Completed in 2ms
23 timing npm:load:display Completed in 3ms
24 verbose logfile logs-max:10 dir:/home/sofiz/.npm/_logs/2025-03-26T02_25_08_487Z-
25 verbose logfile /home/sofiz/.npm/_logs/2025-03-26T02_25_08_487Z-debug-0.log
26 timing npm:load:logFile Completed in 6ms
27 timing npm:load:timers Completed in 0ms
28 timing npm:load:configScope Completed in 0ms
29 timing npm:load Completed in 22ms
30 timing config:load:flatten Completed in 0ms
31 timing arborist:ctor Completed in 0ms
32 silly logfile done cleaning log files
33 timing idealTree:init Completed in 6ms
34 timing idealTree:userRequests Completed in 1ms
35 silly idealTree buildDeps
36 silly fetch manifest yarn@*
37 http fetch GET 200 https://registry.npmjs.org/yarn 647ms (cache miss)
38 silly placeDep ROOT yarn@1.22.22 OK for:  want: *
39 timing idealTree:#root Completed in 654ms
40 timing idealTree:node_modules/yarn Completed in 0ms
41 timing idealTree:buildDeps Completed in 655ms
42 timing idealTree:fixDepFlags Completed in 0ms
43 timing idealTree Completed in 665ms
44 timing reify:loadTrees Completed in 667ms
45 timing reify:diffTrees Completed in 1ms
46 silly reify moves {}
47 timing reify:retireShallow Completed in 1ms
48 timing reify:createSparse Completed in 1ms
49 timing reify:loadBundles Completed in 0ms
50 silly tarball no local data for yarn@https://registry.npmjs.org/yarn/-/yarn-1.22.22.tgz. Extracting by manifest.
51 http fetch GET 200 https://registry.npmjs.org/yarn/-/yarn-1.22.22.tgz 313ms (cache miss)
52 timing reifyNode:node_modules/yarn Completed in 320ms
53 timing reify:unpack Completed in 320ms
54 timing reify:unretire Completed in 0ms
55 timing build:queue Completed in 3ms
56 info run yarn@1.22.22 preinstall node_modules/yarn :; (node ./preinstall.js > /dev/null 2>&1 || true)
57 info run yarn@1.22.22 preinstall { code: 0, signal: null }
58 timing build:run:preinstall:node_modules/yarn Completed in 416ms
59 timing build:run:preinstall Completed in 417ms
60 timing build:link:node_modules/yarn Completed in 5ms
61 timing build:link Completed in 5ms
62 timing build:deps Completed in 425ms
63 timing build Completed in 425ms
64 timing reify:build Completed in 425ms
65 timing reify:trash Completed in 0ms
66 timing reify Completed in 1461ms
67 silly ADD node_modules/yarn
68 timing command:install Completed in 1466ms
69 verbose exit 0
70 timing npm Completed in 1497ms
71 info ok
